android/app/build/intermediates/manifest_merge_blame_file/debug/processDebugMainManifest/manifest-merger-blame-debug-report.txt
1<?xml version="1.0" encoding="utf-8"?>
2<manifest xmlns:android="http://schemas.android.com/apk/res/android"
3    package="com.example.pdanetopen"
4    android:versionCode="1"
5    android:versionName="0.1.0" >
6
7    <uses-sdk
8        android:minSdkVersion="26"
9        android:targetSdkVersion="35" />
10
11    <uses-permission android:name="android.permission.INTERNET" />
11-->src\main\AndroidManifest.xml:2:5-67
11-->src\main\AndroidManifest.xml:2:22-64
12    <uses-permission android:name="android.permission.FOREGROUND_SERVICE" />
12-->src\main\AndroidManifest.xml:3:5-77
12-->src\main\AndroidManifest.xml:3:22-74
13    <uses-permission android:name="android.permission.FOREGROUND_SERVICE_SPECIAL_USE" />
13-->src\main\AndroidManifest.xml:4:5-89
13-->src\main\AndroidManifest.xml:4:22-86
14
15    <application
15-->src\main\AndroidManifest.xml:6:5-32:19
16        android:allowBackup="false"
16-->src\main\AndroidManifest.xml:9:9-36
17        android:debuggable="true"
18        android:extractNativeLibs="false"
19        android:label="@string/app_name"
19-->src\main\AndroidManifest.xml:8:9-41
20        android:supportsRtl="true"
20-->src\main\AndroidManifest.xml:10:9-35
21        android:theme="@android:style/Theme.Material.Light.NoActionBar" >
21-->src\main\AndroidManifest.xml:7:9-72
22        <activity
22-->src\main\AndroidManifest.xml:11:9-18:20
23            android:name="com.example.pdanetopen.MainActivity"
23-->src\main\AndroidManifest.xml:12:13-41
24            android:exported="true" >
24-->src\main\AndroidManifest.xml:13:13-36
25            <intent-filter>
25-->src\main\AndroidManifest.xml:14:13-17:29
26                <action android:name="android.intent.action.MAIN" />
26-->src\main\AndroidManifest.xml:15:17-69
26-->src\main\AndroidManifest.xml:15:25-66
27
28                <category android:name="android.intent.category.LAUNCHER" />
28-->src\main\AndroidManifest.xml:16:17-77
28-->src\main\AndroidManifest.xml:16:27-74
29            </intent-filter>
30        </activity>
31
32        <service
32-->src\main\AndroidManifest.xml:20:9-31:19
33            android:name="com.example.pdanetopen.OpenVpnService"
33-->src\main\AndroidManifest.xml:21:13-43
34            android:exported="false"
34-->src\main\AndroidManifest.xml:23:13-37
35            android:foregroundServiceType="specialUse"
35-->src\main\AndroidManifest.xml:24:13-55
36            android:permission="android.permission.BIND_VPN_SERVICE" >
36-->src\main\AndroidManifest.xml:22:13-69
37            <intent-filter>
37-->src\main\AndroidManifest.xml:25:13-27:29
38                <action android:name="android.net.VpnService" />
38-->src\main\AndroidManifest.xml:26:17-65
38-->src\main\AndroidManifest.xml:26:25-62
39            </intent-filter>
40
41            <property
41-->src\main\AndroidManifest.xml:28:13-30:94
42                android:name="android.app.PROPERTY_SPECIAL_USE_FGS_SUBTYPE"
42-->src\main\AndroidManifest.xml:29:17-76
43                android:value="VPN tunnel transport for user-requested network connection" />
43-->src\main\AndroidManifest.xml:30:17-91
44        </service>
45    </application>
46
47</manifest>